<?xml version="1.0" encoding="UTF-8"?>
<!-- Generated by org.testng.reporters.JUnitReportReporter -->
<testsuite hostname="DESKTOP-1K5HUI9" failures="0" tests="1" name="com.selenium.Elearning.SearchForCourse" time="24.915" errors="0" timestamp="2024-05-26T12:11:22 BDT" skipped="0">
  <testcase classname="com.selenium.Elearning.SearchForCourse" name="Test" time="24.915"/>
</testsuite> <!-- com.selenium.Elearning.SearchForCourse -->
