<?xml version="1.0" encoding="UTF-8"?>
<!-- Generated by org.testng.reporters.JUnitReportReporter -->
<testsuite hostname="DESKTOP-1K5HUI9" failures="0" tests="1" name="testcases.ClassSixToTwelveTestCases" time="159.531" errors="0" timestamp="2024-06-13T17:43:20 BDT" skipped="0">
  <testcase classname="testcases.ClassSixToTwelveTestCases" name="TestsearchPage" time="159.531"/>
</testsuite> <!-- testcases.ClassSixToTwelveTestCases -->
