<?xml version="1.0" encoding="UTF-8"?>
<!-- Generated by org.testng.reporters.JUnitReportReporter -->
<testsuite hostname="DESKTOP-1K5HUI9" failures="0" tests="1" name="testcases.CategoryTestCases" time="44.028" errors="0" timestamp="2024-06-13T16:41:45 BDT" skipped="0">
  <testcase classname="testcases.CategoryTestCases" name="TestsearchPage" time="44.028"/>
</testsuite> <!-- testcases.CategoryTestCases -->
