<?xml version="1.0" encoding="UTF-8"?>
<!-- Generated by org.testng.reporters.JUnitReportReporter -->
<testsuite hostname="DESKTOP-1K5HUI9" failures="0" tests="1" name="testcases.HomeTeseCases" time="53.574" errors="0" timestamp="2024-06-03T18:16:18 BDT" skipped="0">
  <testcase classname="testcases.HomeTeseCases" name="TestsearchPage" time="53.574"/>
</testsuite> <!-- testcases.HomeTeseCases -->
