<?xml version="1.0" encoding="UTF-8"?>
<!-- Generated by org.testng.reporters.JUnitReportReporter -->
<testsuite hostname="DESKTOP-1K5HUI9" failures="0" tests="1" name="com.selenium.Elearning.Skills" time="15.252" errors="0" timestamp="2024-05-23T14:23:59 BDT" skipped="0">
  <testcase classname="com.selenium.Elearning.Skills" name="Test" time="15.252"/>
</testsuite> <!-- com.selenium.Elearning.Skills -->
