<?xml version="1.0" encoding="UTF-8"?>
<!-- Generated by org.testng.reporters.JUnitReportReporter -->
<testsuite hostname="DESKTOP-1K5HUI9" failures="0" tests="1" name="com.selenium.Elearning.CourseSixToTwelve" time="26.274" errors="0" timestamp="2024-05-26T18:35:59 BDT" skipped="0">
  <testcase classname="com.selenium.Elearning.CourseSixToTwelve" name="Test" time="26.274"/>
</testsuite> <!-- com.selenium.Elearning.CourseSixToTwelve -->
