<?xml version="1.0" encoding="UTF-8"?>
<!-- Generated by org.testng.reporters.JUnitReportReporter -->
<testsuite hostname="DESKTOP-1K5HUI9" failures="0" tests="1" name="testcases.SeachTestCases" time="54.331" errors="0" timestamp="2024-06-03T17:06:16 BDT" skipped="0">
  <testcase classname="testcases.SeachTestCases" name="TestsearchPage" time="54.331"/>
</testsuite> <!-- testcases.SeachTestCases -->
