<?xml version="1.0" encoding="UTF-8"?>
<!-- Generated by org.testng.reporters.JUnitReportReporter -->
<testsuite hostname="DESKTOP-1K5HUI9" failures="0" tests="1" name="testcases.HomeTeseCases" time="24.289" errors="0" timestamp="2024-06-04T17:33:41 BDT" skipped="0">
  <testcase classname="testcases.HomeTeseCases" name="TestsearchPage" time="24.289"/>
</testsuite> <!-- testcases.HomeTeseCases -->
