<?xml version="1.0" encoding="UTF-8"?>
<!-- Generated by org.testng.reporters.JUnitReportReporter -->
<testsuite hostname="DESKTOP-1K5HUI9" failures="0" tests="1" name="com.selenium.Elearning.TenMinuteSchool" time="46.117" errors="0" timestamp="2024-05-23T15:05:29 BDT" skipped="0">
  <testcase classname="com.selenium.Elearning.TenMinuteSchool" name="Test" time="46.117"/>
</testsuite> <!-- com.selenium.Elearning.TenMinuteSchool -->
