<?xml version="1.0" encoding="UTF-8"?>
<!-- Generated by org.testng.reporters.JUnitReportReporter -->
<testsuite hostname="DESKTOP-1K5HUI9" failures="0" tests="1" name="com.selenium.Elearning.Open10MinuteSchool" time="13.778" errors="0" timestamp="2024-05-23T10:33:03 BDT" skipped="0">
  <testcase classname="com.selenium.Elearning.Open10MinuteSchool" name="Test" time="13.778"/>
</testsuite> <!-- com.selenium.Elearning.Open10MinuteSchool -->
