<?xml version="1.0" encoding="UTF-8"?>
<!-- Generated by org.testng.reporters.JUnitReportReporter -->
<testsuite hostname="DESKTOP-1K5HUI9" failures="0" tests="1" name="testcases.LoginTestCases" time="57.695" errors="0" timestamp="2024-06-09T14:33:27 BDT" skipped="0">
  <testcase classname="testcases.LoginTestCases" name="TestLoginPage" time="57.695"/>
</testsuite> <!-- testcases.LoginTestCases -->
