<?xml version="1.0" encoding="UTF-8"?>
<!-- Generated by org.testng.reporters.JUnitReportReporter -->
<testsuite hostname="DESKTOP-1K5HUI9" failures="0" tests="1" name="testcases.SeachTestCases" time="65.339" errors="0" timestamp="2024-06-04T16:41:22 BDT" skipped="0">
  <testcase classname="testcases.SeachTestCases" name="TestsearchPage" time="65.339"/>
</testsuite> <!-- testcases.SeachTestCases -->
